<?xml version="1.0" encoding="UTF-8"?>
<testsuite name="com.practice.admin.domain.posts.PostsRepositoryTest" tests="1" skipped="0" failures="0" errors="0" timestamp="2022-01-23T02:27:14" hostname="DESKTOP-QBRFTJC" time="0.32">
  <properties/>
  <testcase name="BaseTimeEntity_insert" classname="com.practice.admin.domain.posts.PostsRepositoryTest" time="0.32"/>
  <system-out><![CDATA[11:27:10.858 [Test worker] DEBUG org.springframework.test.context.junit4.SpringJUnit4ClassRunner - SpringJUnit4ClassRunner constructor called with [class com.practice.admin.domain.posts.PostsRepositoryTest]
11:27:10.864 [Test worker] DEBUG org.springframework.test.context.BootstrapUtils - Instantiating CacheAwareContextLoaderDelegate from class [org.springframework.test.context.cache.DefaultCacheAwareContextLoaderDelegate]
11:27:10.871 [Test worker] DEBUG org.springframework.test.context.BootstrapUtils - Instantiating BootstrapContext using constructor [public org.springframework.test.context.support.DefaultBootstrapContext(java.lang.Class,org.springframework.test.context.CacheAwareContextLoaderDelegate)]
11:27:10.884 [Test worker] DEBUG org.springframework.test.context.BootstrapUtils - Instantiating TestContextBootstrapper for test class [com.practice.admin.domain.posts.PostsRepositoryTest] from class [org.springframework.boot.test.context.SpringBootTestContextBootstrapper]
11:27:10.894 [Test worker] INFO org.springframework.boot.test.context.SpringBootTestContextBootstrapper - Neither @ContextConfiguration nor @ContextHierarchy found for test class [com.practice.admin.domain.posts.PostsRepositoryTest], using SpringBootContextLoader
11:27:10.897 [Test worker] DEBUG org.springframework.test.context.support.AbstractContextLoader - Did not detect default resource location for test class [com.practice.admin.domain.posts.PostsRepositoryTest]: class path resource [com/practice/admin/domain/posts/PostsRepositoryTest-context.xml] does not exist
11:27:10.898 [Test worker] DEBUG org.springframework.test.context.support.AbstractContextLoader - Did not detect default resource location for test class [com.practice.admin.domain.posts.PostsRepositoryTest]: class path resource [com/practice/admin/domain/posts/PostsRepositoryTestContext.groovy] does not exist
11:27:10.898 [Test worker] INFO org.springframework.test.context.support.AbstractContextLoader - Could not detect default resource locations for test class [com.practice.admin.domain.posts.PostsRepositoryTest]: no resource found for suffixes {-context.xml, Context.groovy}.
11:27:10.898 [Test worker] INFO org.springframework.test.context.support.AnnotationConfigContextLoaderUtils - Could not detect default configuration classes for test class [com.practice.admin.domain.posts.PostsRepositoryTest]: PostsRepositoryTest does not declare any static, non-private, non-final, nested classes annotated with @Configuration.
11:27:10.931 [Test worker] DEBUG org.springframework.test.context.support.ActiveProfilesUtils - Could not find an 'annotation declaring class' for annotation type [org.springframework.test.context.ActiveProfiles] and class [com.practice.admin.domain.posts.PostsRepositoryTest]
11:27:10.997 [Test worker] DEBUG org.springframework.context.annotation.ClassPathScanningCandidateComponentProvider - Identified candidate component class: file [C:\hello-spring\HelloSpringPractice\build\classes\java\main\com\practice\admin\Application.class]
11:27:10.998 [Test worker] INFO org.springframework.boot.test.context.SpringBootTestContextBootstrapper - Found @SpringBootConfiguration com.practice.admin.Application for test class com.practice.admin.domain.posts.PostsRepositoryTest
11:27:11.068 [Test worker] DEBUG org.springframework.boot.test.context.SpringBootTestContextBootstrapper - @TestExecutionListeners is not present for class [com.practice.admin.domain.posts.PostsRepositoryTest]: using defaults.
11:27:11.069 [Test worker] INFO org.springframework.boot.test.context.SpringBootTestContextBootstrapper - Loaded default TestExecutionListener class names from location [META-INF/spring.factories]: [org.springframework.boot.test.autoconfigure.restdocs.RestDocsTestExecutionListener, org.springframework.boot.test.autoconfigure.web.client.MockRestServiceServerResetTestExecutionListener, org.springframework.boot.test.autoconfigure.web.servlet.MockMvcPrintOnlyOnFailureTestExecutionListener, org.springframework.boot.test.autoconfigure.web.servlet.WebDriverTestExecutionListener, org.springframework.boot.test.mock.mockito.MockitoTestExecutionListener, org.springframework.boot.test.mock.mockito.ResetMocksTestExecutionListener, org.springframework.test.context.web.ServletTestExecutionListener, org.springframework.test.context.support.DirtiesContextBeforeModesTestExecutionListener, org.springframework.test.context.support.DependencyInjectionTestExecutionListener, org.springframework.test.context.support.DirtiesContextTestExecutionListener, org.springframework.test.context.transaction.TransactionalTestExecutionListener, org.springframework.test.context.jdbc.SqlScriptsTestExecutionListener]
11:27:11.082 [Test worker] INFO org.springframework.boot.test.context.SpringBootTestContextBootstrapper - Using TestExecutionListeners: [org.springframework.test.context.web.ServletTestExecutionListener@21d6ad5e, org.springframework.test.context.support.DirtiesContextBeforeModesTestExecutionListener@6cf8f3c9, org.springframework.boot.test.mock.mockito.MockitoTestExecutionListener@169ce420, org.springframework.boot.test.autoconfigure.SpringBootDependencyInjectionTestExecutionListener@123a59f1, org.springframework.test.context.support.DirtiesContextTestExecutionListener@692bab5, org.springframework.test.context.transaction.TransactionalTestExecutionListener@2ddf6715, org.springframework.test.context.jdbc.SqlScriptsTestExecutionListener@5c933b6a, org.springframework.boot.test.autoconfigure.restdocs.RestDocsTestExecutionListener@1ca604d8, org.springframework.boot.test.autoconfigure.web.client.MockRestServiceServerResetTestExecutionListener@f7252eb, org.springframework.boot.test.autoconfigure.web.servlet.MockMvcPrintOnlyOnFailureTestExecutionListener@59436bdf, org.springframework.boot.test.autoconfigure.web.servlet.WebDriverTestExecutionListener@1c4e43f6, org.springframework.boot.test.mock.mockito.ResetMocksTestExecutionListener@30e20463]
11:27:11.083 [Test worker] DEBUG org.springframework.test.annotation.ProfileValueUtils - Retrieved @ProfileValueSourceConfiguration [null] for test class [com.practice.admin.domain.posts.PostsRepositoryTest]
11:27:11.084 [Test worker] DEBUG org.springframework.test.annotation.ProfileValueUtils - Retrieved ProfileValueSource type [class org.springframework.test.annotation.SystemProfileValueSource] for class [com.practice.admin.domain.posts.PostsRepositoryTest]
11:27:11.085 [Test worker] DEBUG org.springframework.test.annotation.ProfileValueUtils - Retrieved @ProfileValueSourceConfiguration [null] for test class [com.practice.admin.domain.posts.PostsRepositoryTest]
11:27:11.085 [Test worker] DEBUG org.springframework.test.annotation.ProfileValueUtils - Retrieved ProfileValueSource type [class org.springframework.test.annotation.SystemProfileValueSource] for class [com.practice.admin.domain.posts.PostsRepositoryTest]
11:27:11.086 [Test worker] DEBUG org.springframework.test.annotation.ProfileValueUtils - Retrieved @ProfileValueSourceConfiguration [null] for test class [com.practice.admin.domain.posts.PostsRepositoryTest]
11:27:11.086 [Test worker] DEBUG org.springframework.test.annotation.ProfileValueUtils - Retrieved ProfileValueSource type [class org.springframework.test.annotation.SystemProfileValueSource] for class [com.practice.admin.domain.posts.PostsRepositoryTest]
11:27:11.088 [Test worker] DEBUG org.springframework.test.annotation.ProfileValueUtils - Retrieved @ProfileValueSourceConfiguration [null] for test class [com.practice.admin.domain.posts.PostsRepositoryTest]
11:27:11.089 [Test worker] DEBUG org.springframework.test.annotation.ProfileValueUtils - Retrieved ProfileValueSource type [class org.springframework.test.annotation.SystemProfileValueSource] for class [com.practice.admin.domain.posts.PostsRepositoryTest]
11:27:11.089 [Test worker] DEBUG org.springframework.test.annotation.ProfileValueUtils - Retrieved @ProfileValueSourceConfiguration [null] for test class [com.practice.admin.domain.posts.PostsRepositoryTest]
11:27:11.089 [Test worker] DEBUG org.springframework.test.annotation.ProfileValueUtils - Retrieved ProfileValueSource type [class org.springframework.test.annotation.SystemProfileValueSource] for class [com.practice.admin.domain.posts.PostsRepositoryTest]
11:27:11.093 [Test worker] DEBUG org.springframework.test.context.support.AbstractDirtiesContextTestExecutionListener - Before test class: context [DefaultTestContext@66280fce testClass = PostsRepositoryTest, testInstance = [null], testMethod = [null], testException = [null], mergedContextConfiguration = [WebMergedContextConfiguration@8df41d2 testClass = PostsRepositoryTest, locations = '{}', classes = '{class com.practice.admin.Application}', contextInitializerClasses = '[]', activeProfiles = '{}', propertySourceLocations = '{}', propertySourceProperties = '{org.springframework.boot.test.context.SpringBootTestContextBootstrapper=true}', contextCustomizers = set[org.springframework.boot.test.autoconfigure.properties.PropertyMappingContextCustomizer@0, org.springframework.boot.test.autoconfigure.web.servlet.WebDriverContextCustomizerFactory$Customizer@1d5196d5, org.springframework.boot.test.context.filter.ExcludeFilterContextCustomizer@62e8debb, org.springframework.boot.test.json.DuplicateJsonObjectContextCustomizerFactory$DuplicateJsonObjectContextCustomizer@14e3f5dc, org.springframework.boot.test.mock.mockito.MockitoContextCustomizer@0, org.springframework.boot.test.web.client.TestRestTemplateContextCustomizer@34ef6845], resourceBasePath = 'src/main/webapp', contextLoader = 'org.springframework.boot.test.context.SpringBootContextLoader', parent = [null]], attributes = map['org.springframework.test.context.web.ServletTestExecutionListener.activateListener' -> true]], class annotated with @DirtiesContext [false] with mode [null].
11:27:11.094 [Test worker] DEBUG org.springframework.test.annotation.ProfileValueUtils - Retrieved @ProfileValueSourceConfiguration [null] for test class [com.practice.admin.domain.posts.PostsRepositoryTest]
11:27:11.094 [Test worker] DEBUG org.springframework.test.annotation.ProfileValueUtils - Retrieved ProfileValueSource type [class org.springframework.test.annotation.SystemProfileValueSource] for class [com.practice.admin.domain.posts.PostsRepositoryTest]
11:27:11.109 [Test worker] DEBUG org.springframework.test.context.support.TestPropertySourceUtils - Adding inlined properties to environment: {spring.jmx.enabled=false, org.springframework.boot.test.context.SpringBootTestContextBootstrapper=true, server.port=-1}

  .   ____          _            __ _ _
 /\\ / ___'_ __ _ _(_)_ __  __ _ \ \ \ \
( ( )\___ | '_ | '_| | '_ \/ _` | \ \ \ \
 \\/  ___)| |_)| | | | | || (_| |  ) ) ) )
  '  |____| .__|_| |_|_| |_\__, | / / / /
 =========|_|==============|___/=/_/_/_/
 :: Spring Boot ::        (v2.1.7.RELEASE)

2022-01-23 11:27:11.305  INFO 18204 --- [    Test worker] c.p.a.domain.posts.PostsRepositoryTest   : Starting PostsRepositoryTest on DESKTOP-QBRFTJC with PID 18204 (started by shfkd in C:\hello-spring\HelloSpringPractice)
2022-01-23 11:27:11.306  INFO 18204 --- [    Test worker] c.p.a.domain.posts.PostsRepositoryTest   : No active profile set, falling back to default profiles: default
2022-01-23 11:27:11.768  INFO 18204 --- [    Test worker] .s.d.r.c.RepositoryConfigurationDelegate : Bootstrapping Spring Data repositories in DEFAULT mode.
2022-01-23 11:27:11.828  INFO 18204 --- [    Test worker] .s.d.r.c.RepositoryConfigurationDelegate : Finished Spring Data repository scanning in 48ms. Found 1 repository interfaces.
2022-01-23 11:27:12.096  INFO 18204 --- [    Test worker] trationDelegate$BeanPostProcessorChecker : Bean 'org.springframework.transaction.annotation.ProxyTransactionManagementConfiguration' of type [org.springframework.transaction.annotation.ProxyTransactionManagementConfiguration$$EnhancerBySpringCGLIB$$257c84ff] is not eligible for getting processed by all BeanPostProcessors (for example: not eligible for auto-proxying)
2022-01-23 11:27:12.252  INFO 18204 --- [    Test worker] com.zaxxer.hikari.HikariDataSource       : HikariPool-1 - Starting...
2022-01-23 11:27:12.384  INFO 18204 --- [    Test worker] com.zaxxer.hikari.HikariDataSource       : HikariPool-1 - Start completed.
2022-01-23 11:27:12.461  INFO 18204 --- [    Test worker] o.hibernate.jpa.internal.util.LogHelper  : HHH000204: Processing PersistenceUnitInfo [
	name: default
	...]
2022-01-23 11:27:12.525  INFO 18204 --- [    Test worker] org.hibernate.Version                    : HHH000412: Hibernate Core {5.3.10.Final}
2022-01-23 11:27:12.526  INFO 18204 --- [    Test worker] org.hibernate.cfg.Environment            : HHH000206: hibernate.properties not found
2022-01-23 11:27:12.661  INFO 18204 --- [    Test worker] o.hibernate.annotations.common.Version   : HCANN000001: Hibernate Commons Annotations {5.0.4.Final}
2022-01-23 11:27:12.796  INFO 18204 --- [    Test worker] org.hibernate.dialect.Dialect            : HHH000400: Using dialect: org.hibernate.dialect.MySQL5InnoDBDialect
Hibernate: drop table if exists posts
Hibernate: create table posts (id bigint not null auto_increment, created_date datetime, modified_date datetime, author varchar(255), content TEXT not null, title varchar(500) not null, primary key (id)) engine=InnoDB
2022-01-23 11:27:13.335  INFO 18204 --- [    Test worker] o.h.t.schema.internal.SchemaCreatorImpl  : HHH000476: Executing import script 'org.hibernate.tool.schema.internal.exec.ScriptSourceInputNonExistentImpl@6f0b30b4'
2022-01-23 11:27:13.338  INFO 18204 --- [    Test worker] j.LocalContainerEntityManagerFactoryBean : Initialized JPA EntityManagerFactory for persistence unit 'default'
2022-01-23 11:27:14.040  INFO 18204 --- [    Test worker] o.s.s.concurrent.ThreadPoolTaskExecutor  : Initializing ExecutorService 'applicationTaskExecutor'
2022-01-23 11:27:14.085  WARN 18204 --- [    Test worker] aWebConfiguration$JpaWebMvcConfiguration : spring.jpa.open-in-view is enabled by default. Therefore, database queries may be performed during view rendering. Explicitly configure spring.jpa.open-in-view to disable this warning
2022-01-23 11:27:14.339  INFO 18204 --- [    Test worker] c.p.a.domain.posts.PostsRepositoryTest   : Started PostsRepositoryTest in 3.222 seconds (JVM running for 4.396)
Hibernate: insert into posts (created_date, modified_date, author, content, title) values (?, ?, ?, ?, ?)
2022-01-23 11:27:14.527  INFO 18204 --- [    Test worker] o.h.h.i.QueryTranslatorFactoryInitiator  : HHH000397: Using ASTQueryTranslatorFactory
Hibernate: select posts0_.id as id1_0_, posts0_.created_date as created_2_0_, posts0_.modified_date as modified3_0_, posts0_.author as author4_0_, posts0_.content as content5_0_, posts0_.title as title6_0_ from posts posts0_
>>>> createDate=2022-01-23T11:27:14.460566, modifiedDate=2022-01-23T11:27:14.460566
Hibernate: select posts0_.id as id1_0_, posts0_.created_date as created_2_0_, posts0_.modified_date as modified3_0_, posts0_.author as author4_0_, posts0_.content as content5_0_, posts0_.title as title6_0_ from posts posts0_
Hibernate: delete from posts where id=?
]]></system-out>
  <system-err><![CDATA[]]></system-err>
</testsuite>
