<?xml version="1.0" encoding="UTF-8"?>
<testsuite name="com.practice.admin.domain.posts.PostsRepositoryTest" tests="1" skipped="0" failures="0" errors="0" timestamp="2022-01-10T14:32:27" hostname="DESKTOP-QBRFTJC" time="0.26">
  <properties/>
  <testcase name="post_return" classname="com.practice.admin.domain.posts.PostsRepositoryTest" time="0.26"/>
  <system-out><![CDATA[23:32:24.646 [Test worker] DEBUG org.springframework.test.context.junit4.SpringJUnit4ClassRunner - SpringJUnit4ClassRunner constructor called with [class com.practice.admin.domain.posts.PostsRepositoryTest]
23:32:24.652 [Test worker] DEBUG org.springframework.test.context.BootstrapUtils - Instantiating CacheAwareContextLoaderDelegate from class [org.springframework.test.context.cache.DefaultCacheAwareContextLoaderDelegate]
23:32:24.658 [Test worker] DEBUG org.springframework.test.context.BootstrapUtils - Instantiating BootstrapContext using constructor [public org.springframework.test.context.support.DefaultBootstrapContext(java.lang.Class,org.springframework.test.context.CacheAwareContextLoaderDelegate)]
23:32:24.670 [Test worker] DEBUG org.springframework.test.context.BootstrapUtils - Instantiating TestContextBootstrapper for test class [com.practice.admin.domain.posts.PostsRepositoryTest] from class [org.springframework.boot.test.context.SpringBootTestContextBootstrapper]
23:32:24.679 [Test worker] INFO org.springframework.boot.test.context.SpringBootTestContextBootstrapper - Neither @ContextConfiguration nor @ContextHierarchy found for test class [com.practice.admin.domain.posts.PostsRepositoryTest], using SpringBootContextLoader
23:32:24.682 [Test worker] DEBUG org.springframework.test.context.support.AbstractContextLoader - Did not detect default resource location for test class [com.practice.admin.domain.posts.PostsRepositoryTest]: class path resource [com/practice/admin/domain/posts/PostsRepositoryTest-context.xml] does not exist
23:32:24.682 [Test worker] DEBUG org.springframework.test.context.support.AbstractContextLoader - Did not detect default resource location for test class [com.practice.admin.domain.posts.PostsRepositoryTest]: class path resource [com/practice/admin/domain/posts/PostsRepositoryTestContext.groovy] does not exist
23:32:24.682 [Test worker] INFO org.springframework.test.context.support.AbstractContextLoader - Could not detect default resource locations for test class [com.practice.admin.domain.posts.PostsRepositoryTest]: no resource found for suffixes {-context.xml, Context.groovy}.
23:32:24.683 [Test worker] INFO org.springframework.test.context.support.AnnotationConfigContextLoaderUtils - Could not detect default configuration classes for test class [com.practice.admin.domain.posts.PostsRepositoryTest]: PostsRepositoryTest does not declare any static, non-private, non-final, nested classes annotated with @Configuration.
23:32:24.713 [Test worker] DEBUG org.springframework.test.context.support.ActiveProfilesUtils - Could not find an 'annotation declaring class' for annotation type [org.springframework.test.context.ActiveProfiles] and class [com.practice.admin.domain.posts.PostsRepositoryTest]
23:32:24.772 [Test worker] DEBUG org.springframework.context.annotation.ClassPathScanningCandidateComponentProvider - Identified candidate component class: file [C:\hello-spring\HelloSpringPractice\build\classes\java\main\com\practice\admin\Application.class]
23:32:24.773 [Test worker] INFO org.springframework.boot.test.context.SpringBootTestContextBootstrapper - Found @SpringBootConfiguration com.practice.admin.Application for test class com.practice.admin.domain.posts.PostsRepositoryTest
23:32:24.843 [Test worker] DEBUG org.springframework.boot.test.context.SpringBootTestContextBootstrapper - @TestExecutionListeners is not present for class [com.practice.admin.domain.posts.PostsRepositoryTest]: using defaults.
23:32:24.843 [Test worker] INFO org.springframework.boot.test.context.SpringBootTestContextBootstrapper - Loaded default TestExecutionListener class names from location [META-INF/spring.factories]: [org.springframework.boot.test.autoconfigure.restdocs.RestDocsTestExecutionListener, org.springframework.boot.test.autoconfigure.web.client.MockRestServiceServerResetTestExecutionListener, org.springframework.boot.test.autoconfigure.web.servlet.MockMvcPrintOnlyOnFailureTestExecutionListener, org.springframework.boot.test.autoconfigure.web.servlet.WebDriverTestExecutionListener, org.springframework.boot.test.mock.mockito.MockitoTestExecutionListener, org.springframework.boot.test.mock.mockito.ResetMocksTestExecutionListener, org.springframework.test.context.web.ServletTestExecutionListener, org.springframework.test.context.support.DirtiesContextBeforeModesTestExecutionListener, org.springframework.test.context.support.DependencyInjectionTestExecutionListener, org.springframework.test.context.support.DirtiesContextTestExecutionListener, org.springframework.test.context.transaction.TransactionalTestExecutionListener, org.springframework.test.context.jdbc.SqlScriptsTestExecutionListener]
23:32:24.856 [Test worker] INFO org.springframework.boot.test.context.SpringBootTestContextBootstrapper - Using TestExecutionListeners: [org.springframework.test.context.web.ServletTestExecutionListener@1814b515, org.springframework.test.context.support.DirtiesContextBeforeModesTestExecutionListener@5215bd02, org.springframework.boot.test.mock.mockito.MockitoTestExecutionListener@178e6deb, org.springframework.boot.test.autoconfigure.SpringBootDependencyInjectionTestExecutionListener@4e8af4a5, org.springframework.test.context.support.DirtiesContextTestExecutionListener@738b5c7c, org.springframework.test.context.transaction.TransactionalTestExecutionListener@c8912a2, org.springframework.test.context.jdbc.SqlScriptsTestExecutionListener@688cc7ed, org.springframework.boot.test.autoconfigure.restdocs.RestDocsTestExecutionListener@71ba2985, org.springframework.boot.test.autoconfigure.web.client.MockRestServiceServerResetTestExecutionListener@587be372, org.springframework.boot.test.autoconfigure.web.servlet.MockMvcPrintOnlyOnFailureTestExecutionListener@1c23f6dd, org.springframework.boot.test.autoconfigure.web.servlet.WebDriverTestExecutionListener@121ee91b, org.springframework.boot.test.mock.mockito.ResetMocksTestExecutionListener@32c80cdc]
23:32:24.857 [Test worker] DEBUG org.springframework.test.annotation.ProfileValueUtils - Retrieved @ProfileValueSourceConfiguration [null] for test class [com.practice.admin.domain.posts.PostsRepositoryTest]
23:32:24.857 [Test worker] DEBUG org.springframework.test.annotation.ProfileValueUtils - Retrieved ProfileValueSource type [class org.springframework.test.annotation.SystemProfileValueSource] for class [com.practice.admin.domain.posts.PostsRepositoryTest]
23:32:24.858 [Test worker] DEBUG org.springframework.test.annotation.ProfileValueUtils - Retrieved @ProfileValueSourceConfiguration [null] for test class [com.practice.admin.domain.posts.PostsRepositoryTest]
23:32:24.859 [Test worker] DEBUG org.springframework.test.annotation.ProfileValueUtils - Retrieved ProfileValueSource type [class org.springframework.test.annotation.SystemProfileValueSource] for class [com.practice.admin.domain.posts.PostsRepositoryTest]
23:32:24.860 [Test worker] DEBUG org.springframework.test.annotation.ProfileValueUtils - Retrieved @ProfileValueSourceConfiguration [null] for test class [com.practice.admin.domain.posts.PostsRepositoryTest]
23:32:24.860 [Test worker] DEBUG org.springframework.test.annotation.ProfileValueUtils - Retrieved ProfileValueSource type [class org.springframework.test.annotation.SystemProfileValueSource] for class [com.practice.admin.domain.posts.PostsRepositoryTest]
23:32:24.862 [Test worker] DEBUG org.springframework.test.annotation.ProfileValueUtils - Retrieved @ProfileValueSourceConfiguration [null] for test class [com.practice.admin.domain.posts.PostsRepositoryTest]
23:32:24.862 [Test worker] DEBUG org.springframework.test.annotation.ProfileValueUtils - Retrieved ProfileValueSource type [class org.springframework.test.annotation.SystemProfileValueSource] for class [com.practice.admin.domain.posts.PostsRepositoryTest]
23:32:24.863 [Test worker] DEBUG org.springframework.test.annotation.ProfileValueUtils - Retrieved @ProfileValueSourceConfiguration [null] for test class [com.practice.admin.domain.posts.PostsRepositoryTest]
23:32:24.863 [Test worker] DEBUG org.springframework.test.annotation.ProfileValueUtils - Retrieved ProfileValueSource type [class org.springframework.test.annotation.SystemProfileValueSource] for class [com.practice.admin.domain.posts.PostsRepositoryTest]
23:32:24.867 [Test worker] DEBUG org.springframework.test.context.support.AbstractDirtiesContextTestExecutionListener - Before test class: context [DefaultTestContext@2e888e05 testClass = PostsRepositoryTest, testInstance = [null], testMethod = [null], testException = [null], mergedContextConfiguration = [WebMergedContextConfiguration@6522ab63 testClass = PostsRepositoryTest, locations = '{}', classes = '{class com.practice.admin.Application}', contextInitializerClasses = '[]', activeProfiles = '{}', propertySourceLocations = '{}', propertySourceProperties = '{org.springframework.boot.test.context.SpringBootTestContextBootstrapper=true}', contextCustomizers = set[org.springframework.boot.test.autoconfigure.properties.PropertyMappingContextCustomizer@0, org.springframework.boot.test.autoconfigure.web.servlet.WebDriverContextCustomizerFactory$Customizer@1d5196d5, org.springframework.boot.test.context.filter.ExcludeFilterContextCustomizer@62e8debb, org.springframework.boot.test.json.DuplicateJsonObjectContextCustomizerFactory$DuplicateJsonObjectContextCustomizer@14e3f5dc, org.springframework.boot.test.mock.mockito.MockitoContextCustomizer@0, org.springframework.boot.test.web.client.TestRestTemplateContextCustomizer@34ef6845], resourceBasePath = 'src/main/webapp', contextLoader = 'org.springframework.boot.test.context.SpringBootContextLoader', parent = [null]], attributes = map['org.springframework.test.context.web.ServletTestExecutionListener.activateListener' -> true]], class annotated with @DirtiesContext [false] with mode [null].
23:32:24.867 [Test worker] DEBUG org.springframework.test.annotation.ProfileValueUtils - Retrieved @ProfileValueSourceConfiguration [null] for test class [com.practice.admin.domain.posts.PostsRepositoryTest]
23:32:24.867 [Test worker] DEBUG org.springframework.test.annotation.ProfileValueUtils - Retrieved ProfileValueSource type [class org.springframework.test.annotation.SystemProfileValueSource] for class [com.practice.admin.domain.posts.PostsRepositoryTest]
23:32:24.882 [Test worker] DEBUG org.springframework.test.context.support.TestPropertySourceUtils - Adding inlined properties to environment: {spring.jmx.enabled=false, org.springframework.boot.test.context.SpringBootTestContextBootstrapper=true, server.port=-1}

  .   ____          _            __ _ _
 /\\ / ___'_ __ _ _(_)_ __  __ _ \ \ \ \
( ( )\___ | '_ | '_| | '_ \/ _` | \ \ \ \
 \\/  ___)| |_)| | | | | || (_| |  ) ) ) )
  '  |____| .__|_| |_|_| |_\__, | / / / /
 =========|_|==============|___/=/_/_/_/
 :: Spring Boot ::        (v2.1.7.RELEASE)

2022-01-10 23:32:25.078  INFO 2708 --- [    Test worker] c.p.a.domain.posts.PostsRepositoryTest   : Starting PostsRepositoryTest on DESKTOP-QBRFTJC with PID 2708 (started by shfkd in C:\hello-spring\HelloSpringPractice)
2022-01-10 23:32:25.079  INFO 2708 --- [    Test worker] c.p.a.domain.posts.PostsRepositoryTest   : No active profile set, falling back to default profiles: default
2022-01-10 23:32:25.522  INFO 2708 --- [    Test worker] .s.d.r.c.RepositoryConfigurationDelegate : Bootstrapping Spring Data repositories in DEFAULT mode.
2022-01-10 23:32:25.579  INFO 2708 --- [    Test worker] .s.d.r.c.RepositoryConfigurationDelegate : Finished Spring Data repository scanning in 52ms. Found 1 repository interfaces.
2022-01-10 23:32:25.840  INFO 2708 --- [    Test worker] trationDelegate$BeanPostProcessorChecker : Bean 'org.springframework.transaction.annotation.ProxyTransactionManagementConfiguration' of type [org.springframework.transaction.annotation.ProxyTransactionManagementConfiguration$$EnhancerBySpringCGLIB$$77ea33e0] is not eligible for getting processed by all BeanPostProcessors (for example: not eligible for auto-proxying)
2022-01-10 23:32:25.991  INFO 2708 --- [    Test worker] com.zaxxer.hikari.HikariDataSource       : HikariPool-1 - Starting...
2022-01-10 23:32:26.120  INFO 2708 --- [    Test worker] com.zaxxer.hikari.HikariDataSource       : HikariPool-1 - Start completed.
2022-01-10 23:32:26.188  INFO 2708 --- [    Test worker] o.hibernate.jpa.internal.util.LogHelper  : HHH000204: Processing PersistenceUnitInfo [
	name: default
	...]
2022-01-10 23:32:26.254  INFO 2708 --- [    Test worker] org.hibernate.Version                    : HHH000412: Hibernate Core {5.3.10.Final}
2022-01-10 23:32:26.255  INFO 2708 --- [    Test worker] org.hibernate.cfg.Environment            : HHH000206: hibernate.properties not found
2022-01-10 23:32:26.383  INFO 2708 --- [    Test worker] o.hibernate.annotations.common.Version   : HCANN000001: Hibernate Commons Annotations {5.0.4.Final}
2022-01-10 23:32:26.510  INFO 2708 --- [    Test worker] org.hibernate.dialect.Dialect            : HHH000400: Using dialect: org.hibernate.dialect.MySQL5InnoDBDialect
Hibernate: drop table if exists posts
Hibernate: create table posts (id bigint not null auto_increment, author varchar(255), content TEXT not null, title varchar(500) not null, primary key (id)) engine=InnoDB
2022-01-10 23:32:26.974  INFO 2708 --- [    Test worker] o.h.t.schema.internal.SchemaCreatorImpl  : HHH000476: Executing import script 'org.hibernate.tool.schema.internal.exec.ScriptSourceInputNonExistentImpl@69e6d8be'
2022-01-10 23:32:26.976  INFO 2708 --- [    Test worker] j.LocalContainerEntityManagerFactoryBean : Initialized JPA EntityManagerFactory for persistence unit 'default'
2022-01-10 23:32:27.576  INFO 2708 --- [    Test worker] o.s.s.concurrent.ThreadPoolTaskExecutor  : Initializing ExecutorService 'applicationTaskExecutor'
2022-01-10 23:32:27.618  WARN 2708 --- [    Test worker] aWebConfiguration$JpaWebMvcConfiguration : spring.jpa.open-in-view is enabled by default. Therefore, database queries may be performed during view rendering. Explicitly configure spring.jpa.open-in-view to disable this warning
2022-01-10 23:32:27.857  INFO 2708 --- [    Test worker] c.p.a.domain.posts.PostsRepositoryTest   : Started PostsRepositoryTest in 2.969 seconds (JVM running for 4.042)
Hibernate: insert into posts (author, content, title) values (?, ?, ?)
2022-01-10 23:32:28.002  INFO 2708 --- [    Test worker] o.h.h.i.QueryTranslatorFactoryInitiator  : HHH000397: Using ASTQueryTranslatorFactory
Hibernate: select posts0_.id as id1_0_, posts0_.author as author2_0_, posts0_.content as content3_0_, posts0_.title as title4_0_ from posts posts0_
Hibernate: select posts0_.id as id1_0_, posts0_.author as author2_0_, posts0_.content as content3_0_, posts0_.title as title4_0_ from posts posts0_
Hibernate: delete from posts where id=?
]]></system-out>
  <system-err><![CDATA[]]></system-err>
</testsuite>
